[debug] [2021-11-02T14:34:46.169Z] ----------------------------------------------------------------------
[debug] [2021-11-02T14:34:46.173Z] Command:       C:\Program Files\nodejs\node.exe C:\Program Files\nodejs\node_modules\firebase-tools\lib\bin\firebase.js init
[debug] [2021-11-02T14:34:46.173Z] CLI Version:   9.21.0
[debug] [2021-11-02T14:34:46.173Z] Platform:      win32
[debug] [2021-11-02T14:34:46.173Z] Node Version:  v10.14.2
[debug] [2021-11-02T14:34:46.176Z] Time:          Tue Nov 02 2021 21:34:46 GMT+0700 (Indochina Time)
[debug] [2021-11-02T14:34:46.176Z] ----------------------------------------------------------------------
[debug] 
[debug] [2021-11-02T14:34:46.180Z] >>> [apiv2][query] GET https://firebase-public.firebaseio.com/cli.json [none]
[debug] [2021-11-02T14:34:46.215Z] > command requires scopes: ["email","openid","https://www.googleapis.com/auth/cloudplatformprojects.readonly","https://www.googleapis.com/auth/firebase","https://www.googleapis.com/auth/cloud-platform"]
[debug] [2021-11-02T14:34:46.215Z] > authorizing via signed-in user (fainichkamon@gmail.com)
[info] 
     ######## #### ########  ######## ########     ###     ######  ########
     ##        ##  ##     ## ##       ##     ##  ##   ##  ##       ##
     ######    ##  ########  ######   ########  #########  ######  ######
     ##        ##  ##    ##  ##       ##     ## ##     ##       ## ##
     ##       #### ##     ## ######## ########  ##     ##  ######  ########

You're about to initialize a Firebase project in this directory:

  C:\Users\win10\Documents\faiichannDev\project-healing\healing-client

[debug] [2021-11-02T14:34:47.116Z] <<< [apiv2][status] GET https://firebase-public.firebaseio.com/cli.json 200
[debug] [2021-11-02T14:34:47.117Z] <<< [apiv2][body] GET https://firebase-public.firebaseio.com/cli.json {"cloudBuildErrorAfter":1594252800000,"cloudBuildWarnAfter":1590019200000,"defaultNode10After":1594252800000,"minVersion":"3.0.5","node8DeploysDisabledAfter":1613390400000,"node8RuntimeDisabledAfter":1615809600000,"node8WarnAfter":1600128000000}
[info] 
=== Project Setup
[info] 
[info] First, let's associate this project directory with a Firebase project.
[info] You can create multiple project aliases by running firebase use --add, 
[info] but for now we'll just set up a default project.
[info] 
[debug] [2021-11-02T14:43:30.810Z] > refreshing access token with scopes: []
[debug] [2021-11-02T14:43:30.810Z] >>> HTTP REQUEST POST https://www.googleapis.com/oauth2/v3/token  
 <request body omitted>
[debug] [2021-11-02T14:43:31.160Z] <<< HTTP RESPONSE 200 {"cache-control":"no-cache, no-store, max-age=0, must-revalidate","expires":"Mon, 01 Jan 1990 00:00:00 GMT","date":"Tue, 02 Nov 2021 14:43:32 GMT","pragma":"no-cache","content-type":"application/json; charset=utf-8","vary":"X-Origin, Referer, Origin,Accept-Encoding","server":"scaffolding on HTTPServer2","x-xss-protection":"0","x-frame-options":"SAMEORIGIN","x-content-type-options":"nosniff","alt-svc":"h3=\":443\"; ma=2592000,h3-29=\":443\"; ma=2592000,h3-Q050=\":443\"; ma=2592000,h3-Q046=\":443\"; ma=2592000,h3-Q043=\":443\"; ma=2592000,quic=\":443\"; ma=2592000; v=\"46,43\"","accept-ranges":"none","transfer-encoding":"chunked"}
[debug] [2021-11-02T14:43:31.174Z] >>> [apiv2][query] GET https://firebase.googleapis.com/v1beta1/projects pageSize=100
[debug] [2021-11-02T14:43:32.053Z] <<< [apiv2][status] GET https://firebase.googleapis.com/v1beta1/projects 200
[debug] [2021-11-02T14:43:32.053Z] <<< [apiv2][body] GET https://firebase.googleapis.com/v1beta1/projects [omitted]
[info] i  Using project healing-project-demo (healing-project-demo) 
[info] 
=== Hosting:github Setup
[info] 
[info] i  Detected a .git folder at C:\Users\win10\Documents\faiichannDev\project-healing\healing-client 
[info] i  Authorizing with GitHub to upload your service account to a GitHub repository's secrets store. 
[info] 
[info] Visit this URL on this device to log in:
[info] https://github.com/login/oauth/authorize?client_id=89cf50f02ac6aaed3484&state=440797029&redirect_uri=http%3A%2F%2Flocalhost%3A9005&scope=read%3Auser%20repo%20public_repo
[info] 
[info] Waiting for authentication...
[debug] [2021-11-02T14:43:55.338Z] >>> HTTP REQUEST POST https://github.com/login/oauth/access_token  
 {"client_id":"89cf50f02ac6aaed3484","client_secret":"3330d14abc895d9a74d5f17cd7a00711fa2c5bf0","code":"8b074525a4d77f89718f","redirect_uri":"http://localhost:9005","state":"440797029"}
[debug] [2021-11-02T14:43:55.857Z] <<< HTTP RESPONSE 200 {"server":"GitHub.com","date":"Tue, 02 Nov 2021 14:43:56 GMT","content-type":"application/json; charset=utf-8","transfer-encoding":"chunked","vary":"X-PJAX, X-PJAX-Container, Accept-Encoding, Accept, X-Requested-With","permissions-policy":"interest-cohort=()","etag":"W/\"6087449233e293b1aaebc1b1e6c66b24\"","cache-control":"max-age=0, private, must-revalidate","strict-transport-security":"max-age=31536000; includeSubdomains; preload","x-frame-options":"deny","x-content-type-options":"nosniff","x-xss-protection":"0","referrer-policy":"origin-when-cross-origin, strict-origin-when-cross-origin","expect-ct":"max-age=2592000, report-uri=\"https://api.github.com/_private/browser/errors\"","content-security-policy":"default-src 'none'; base-uri 'self'; block-all-mixed-content; child-src github.com/assets-cdn/worker/ gist.github.com/assets-cdn/worker/; connect-src 'self' uploads.github.com objects-origin.githubusercontent.com www.githubstatus.com collector.githubapp.com api.github.com github-cloud.s3.amazonaws.com github-production-repository-file-5c1aeb.s3.amazonaws.com github-production-upload-manifest-file-7fdce7.s3.amazonaws.com github-production-user-asset-6210df.s3.amazonaws.com cdn.optimizely.com logx.optimizely.com/v1/events translator.github.com wss://alive.github.com; font-src github.githubassets.com; form-action 'self' github.com gist.github.com objects-origin.githubusercontent.com; frame-ancestors 'none'; frame-src render.githubusercontent.com viewscreen.githubusercontent.com notebooks.githubusercontent.com; img-src 'self' data: github.githubassets.com identicons.github.com collector.githubapp.com github-cloud.s3.amazonaws.com secured-user-images.githubusercontent.com/ *.githubusercontent.com; manifest-src 'self'; media-src github.com user-images.githubusercontent.com/; script-src github.githubassets.com; style-src 'unsafe-inline' github.githubassets.com; worker-src github.com/assets-cdn/worker/ gist.github.com/assets-cdn/worker/","x-github-request-id":"DFD9:2498:71B378:A2ABB7:61814EAC"}
[debug] [2021-11-02T14:43:55.861Z] >>> [apiv2][query] GET https://api.github.com/user [none]
[debug] [2021-11-02T14:43:56.428Z] <<< [apiv2][status] GET https://api.github.com/user 200
[debug] [2021-11-02T14:43:56.429Z] <<< [apiv2][body] GET https://api.github.com/user {"login":"faiichann","id":44541411,"node_id":"MDQ6VXNlcjQ0NTQxNDEx","avatar_url":"https://avatars.githubusercontent.com/u/44541411?v=4","gravatar_id":"","url":"https://api.github.com/users/faiichann","html_url":"https://github.com/faiichann","followers_url":"https://api.github.com/users/faiichann/followers","following_url":"https://api.github.com/users/faiichann/following{/other_user}","gists_url":"https://api.github.com/users/faiichann/gists{/gist_id}","starred_url":"https://api.github.com/users/faiichann/starred{/owner}{/repo}","subscriptions_url":"https://api.github.com/users/faiichann/subscriptions","organizations_url":"https://api.github.com/users/faiichann/orgs","repos_url":"https://api.github.com/users/faiichann/repos","events_url":"https://api.github.com/users/faiichann/events{/privacy}","received_events_url":"https://api.github.com/users/faiichann/received_events","type":"User","site_admin":false,"name":"faiichann ","company":null,"blog":"https://github.com/faiichann","location":"thailand","email":null,"hireable":null,"bio":"â­ï¸Just a Code moment \r\n\r\nðŸ’¡frontend developer ","twitter_username":null,"public_repos":34,"public_gists":0,"followers":4,"following":2,"created_at":"2018-10-28T07:12:35Z","updated_at":"2021-10-28T18:21:07Z","private_gists":0,"total_private_repos":8,"owned_private_repos":8,"disk_usage":493341,"collaborators":0,"two_factor_authentication":true,"plan":{"name":"pro","space":976562499,"collaborators":0,"private_repos":9999}}
[info] 
[info] +  Success! Logged into GitHub as faiichann 
[info] 
